<?xml version="1.0" encoding="UTF-8"?>
<testsuite name="com.mygdx.game.tests.AssetTests" tests="2" skipped="0" failures="0" errors="0" timestamp="2022-03-15T18:05:39" hostname="DESKTOP-B55LBVH" time="0.018">
  <properties/>
  <testcase name="testCannonballAssetExists" classname="com.mygdx.game.tests.AssetTests" time="0.007"/>
  <testcase name="testShipAssetExists" classname="com.mygdx.game.tests.AssetTests" time="0.002"/>
  <system-out><![CDATA[]]></system-out>
  <system-err><![CDATA[]]></system-err>
</testsuite>
